#At time x process y state arr w total z remain y wait k
At time 4 process 1 started arr 4 total 14 remain 14 wait 0
At time 13 process 1 stopped arr 4 total 14 remain 5 wait 0
At time 13 process 2 started arr 13 total 15 remain 15 wait 0
At time 18 process 2 stopped arr 13 total 15 remain 10 wait 0
At time 18 process 1 resumed arr 4 total 14 remain 5 wait 5
At time 23 process 1 finished arr 4 total 14 remain 0 wait 5 TA 19 WTA 1.36
At time 23 process 3 started arr 16 total 12 remain 12 wait 7
At time 28 process 3 stopped arr 16 total 12 remain 7 wait 7
At time 28 process 2 resumed arr 13 total 15 remain 10 wait 10
At time 33 process 2 stopped arr 13 total 15 remain 5 wait 10
At time 33 process 4 started arr 23 total 2 remain 2 wait 10
At time 35 process 4 finished arr 23 total 2 remain 0 wait 10 TA 12 WTA 6.00
At time 35 process 5 started arr 23 total 10 remain 10 wait 12
At time 40 process 5 stopped arr 23 total 10 remain 5 wait 12
At time 40 process 3 resumed arr 16 total 12 remain 7 wait 19
At time 45 process 3 stopped arr 16 total 12 remain 2 wait 19
At time 45 process 2 resumed arr 13 total 15 remain 5 wait 22
At time 50 process 2 finished arr 13 total 15 remain 0 wait 22 TA 37 WTA 2.47
At time 50 process 5 resumed arr 23 total 10 remain 5 wait 22
At time 55 process 5 finished arr 23 total 10 remain 0 wait 22 TA 32 WTA 3.20
At time 55 process 3 resumed arr 16 total 12 remain 2 wait 29
At time 57 process 3 finished arr 16 total 12 remain 0 wait 29 TA 41 WTA 3.42
