#At time x process y state arr w total z remain y wait k
At time 7 process 1 started arr 7 total 4 remain 4 wait 0
At time 11 process 1 finished arr 7 total 4 remain 0 wait 0 TA 4 WTA 1.00
At time 12 process 2 started arr 12 total 1 remain 1 wait 0
At time 13 process 2 finished arr 12 total 1 remain 0 wait 0 TA 1 WTA 1.00
At time 16 process 3 started arr 16 total 7 remain 7 wait 0
At time 23 process 3 finished arr 16 total 7 remain 0 wait 0 TA 7 WTA 1.00
At time 23 process 4 started arr 23 total 24 remain 24 wait 0
At time 27 process 4 stopped arr 23 total 24 remain 20 wait 0
At time 27 process 5 started arr 27 total 29 remain 29 wait 0
At time 31 process 5 stopped arr 27 total 29 remain 25 wait 0
At time 31 process 4 resumed arr 23 total 24 remain 20 wait 4
At time 35 process 4 stopped arr 23 total 24 remain 16 wait 4
At time 35 process 5 resumed arr 27 total 29 remain 25 wait 4
At time 39 process 5 stopped arr 27 total 29 remain 21 wait 4
At time 39 process 6 started arr 35 total 1 remain 1 wait 4
At time 40 process 6 finished arr 35 total 1 remain 0 wait 4 TA 5 WTA 5.00
At time 40 process 4 resumed arr 23 total 24 remain 16 wait 9
At time 44 process 4 stopped arr 23 total 24 remain 12 wait 9
At time 44 process 5 resumed arr 27 total 29 remain 21 wait 9
At time 48 process 5 stopped arr 27 total 29 remain 17 wait 9
At time 48 process 7 started arr 41 total 23 remain 23 wait 7
At time 52 process 7 stopped arr 41 total 23 remain 19 wait 7
At time 52 process 8 started arr 42 total 12 remain 12 wait 10
At time 56 process 8 stopped arr 42 total 12 remain 8 wait 10
At time 56 process 4 resumed arr 23 total 24 remain 12 wait 21
At time 60 process 4 stopped arr 23 total 24 remain 8 wait 21
At time 60 process 9 started arr 48 total 26 remain 26 wait 12
At time 64 process 9 stopped arr 48 total 26 remain 22 wait 12
At time 64 process 5 resumed arr 27 total 29 remain 17 wait 25
At time 68 process 5 stopped arr 27 total 29 remain 13 wait 25
At time 68 process 7 resumed arr 41 total 23 remain 19 wait 23
At time 72 process 7 stopped arr 41 total 23 remain 15 wait 23
At time 72 process 10 started arr 55 total 19 remain 19 wait 17
At time 76 process 10 stopped arr 55 total 19 remain 15 wait 17
At time 76 process 8 resumed arr 42 total 12 remain 8 wait 30
At time 80 process 8 stopped arr 42 total 12 remain 4 wait 30
At time 80 process 11 started arr 57 total 1 remain 1 wait 23
At time 81 process 11 finished arr 57 total 1 remain 0 wait 23 TA 24 WTA 24.00
At time 81 process 12 started arr 59 total 12 remain 12 wait 22
At time 85 process 12 stopped arr 59 total 12 remain 8 wait 22
At time 85 process 4 resumed arr 23 total 24 remain 8 wait 46
At time 89 process 4 stopped arr 23 total 24 remain 4 wait 46
At time 89 process 9 resumed arr 48 total 26 remain 22 wait 37
At time 93 process 9 stopped arr 48 total 26 remain 18 wait 37
At time 93 process 13 started arr 67 total 18 remain 18 wait 26
At time 97 process 13 stopped arr 67 total 18 remain 14 wait 26
At time 97 process 14 started arr 67 total 13 remain 13 wait 30
At time 101 process 14 stopped arr 67 total 13 remain 9 wait 30
At time 101 process 5 resumed arr 27 total 29 remain 13 wait 58
At time 105 process 5 stopped arr 27 total 29 remain 9 wait 58
At time 105 process 7 resumed arr 41 total 23 remain 15 wait 56
At time 109 process 7 stopped arr 41 total 23 remain 11 wait 56
At time 109 process 15 started arr 75 total 1 remain 1 wait 34
At time 110 process 15 finished arr 75 total 1 remain 0 wait 34 TA 35 WTA 35.00
At time 110 process 10 resumed arr 55 total 19 remain 15 wait 51
At time 114 process 10 stopped arr 55 total 19 remain 11 wait 51
At time 114 process 8 resumed arr 42 total 12 remain 4 wait 64
At time 118 process 8 finished arr 42 total 12 remain 0 wait 64 TA 76 WTA 6.33
At time 118 process 16 started arr 84 total 14 remain 14 wait 34
At time 122 process 16 stopped arr 84 total 14 remain 10 wait 34
At time 122 process 17 started arr 84 total 27 remain 27 wait 38
At time 126 process 17 stopped arr 84 total 27 remain 23 wait 38
At time 126 process 12 resumed arr 59 total 12 remain 8 wait 63
At time 130 process 12 stopped arr 59 total 12 remain 4 wait 63
At time 130 process 18 started arr 89 total 4 remain 4 wait 41
At time 134 process 18 finished arr 89 total 4 remain 0 wait 41 TA 45 WTA 11.25
At time 134 process 4 resumed arr 23 total 24 remain 4 wait 91
At time 138 process 4 finished arr 23 total 24 remain 0 wait 91 TA 115 WTA 4.79
At time 138 process 9 resumed arr 48 total 26 remain 18 wait 82
At time 142 process 9 stopped arr 48 total 26 remain 14 wait 82
At time 142 process 19 started arr 97 total 2 remain 2 wait 45
At time 144 process 19 finished arr 97 total 2 remain 0 wait 45 TA 47 WTA 23.50
At time 144 process 13 resumed arr 67 total 18 remain 14 wait 73
At time 148 process 13 stopped arr 67 total 18 remain 10 wait 73
At time 148 process 14 resumed arr 67 total 13 remain 9 wait 77
At time 152 process 14 stopped arr 67 total 13 remain 5 wait 77
At time 152 process 5 resumed arr 27 total 29 remain 9 wait 105
At time 156 process 5 stopped arr 27 total 29 remain 5 wait 105
At time 156 process 7 resumed arr 41 total 23 remain 11 wait 103
At time 160 process 7 stopped arr 41 total 23 remain 7 wait 103
At time 160 process 10 resumed arr 55 total 19 remain 11 wait 97
At time 164 process 10 stopped arr 55 total 19 remain 7 wait 97
At time 164 process 16 resumed arr 84 total 14 remain 10 wait 76
At time 168 process 16 stopped arr 84 total 14 remain 6 wait 76
At time 168 process 17 resumed arr 84 total 27 remain 23 wait 80
At time 172 process 17 stopped arr 84 total 27 remain 19 wait 80
At time 172 process 12 resumed arr 59 total 12 remain 4 wait 105
At time 176 process 12 finished arr 59 total 12 remain 0 wait 105 TA 117 WTA 9.75
At time 176 process 9 resumed arr 48 total 26 remain 14 wait 116
At time 180 process 9 stopped arr 48 total 26 remain 10 wait 116
At time 180 process 13 resumed arr 67 total 18 remain 10 wait 105
At time 184 process 13 stopped arr 67 total 18 remain 6 wait 105
At time 184 process 14 resumed arr 67 total 13 remain 5 wait 109
At time 188 process 14 stopped arr 67 total 13 remain 1 wait 109
At time 188 process 5 resumed arr 27 total 29 remain 5 wait 137
At time 192 process 5 stopped arr 27 total 29 remain 1 wait 137
At time 192 process 7 resumed arr 41 total 23 remain 7 wait 135
At time 196 process 7 stopped arr 41 total 23 remain 3 wait 135
At time 196 process 10 resumed arr 55 total 19 remain 7 wait 129
At time 200 process 10 stopped arr 55 total 19 remain 3 wait 129
At time 200 process 16 resumed arr 84 total 14 remain 6 wait 108
At time 204 process 16 stopped arr 84 total 14 remain 2 wait 108
At time 204 process 17 resumed arr 84 total 27 remain 19 wait 112
At time 208 process 17 stopped arr 84 total 27 remain 15 wait 112
At time 208 process 9 resumed arr 48 total 26 remain 10 wait 144
At time 212 process 9 stopped arr 48 total 26 remain 6 wait 144
At time 212 process 13 resumed arr 67 total 18 remain 6 wait 133
At time 216 process 13 stopped arr 67 total 18 remain 2 wait 133
At time 216 process 14 resumed arr 67 total 13 remain 1 wait 137
At time 217 process 14 finished arr 67 total 13 remain 0 wait 137 TA 150 WTA 11.54
At time 217 process 5 resumed arr 27 total 29 remain 1 wait 162
At time 218 process 5 finished arr 27 total 29 remain 0 wait 162 TA 191 WTA 6.59
At time 218 process 7 resumed arr 41 total 23 remain 3 wait 157
At time 221 process 7 finished arr 41 total 23 remain 0 wait 157 TA 180 WTA 7.83
At time 221 process 10 resumed arr 55 total 19 remain 3 wait 150
At time 224 process 10 finished arr 55 total 19 remain 0 wait 150 TA 169 WTA 8.89
At time 224 process 16 resumed arr 84 total 14 remain 2 wait 128
At time 226 process 16 finished arr 84 total 14 remain 0 wait 128 TA 142 WTA 10.14
At time 226 process 17 resumed arr 84 total 27 remain 15 wait 130
At time 230 process 17 stopped arr 84 total 27 remain 11 wait 130
At time 230 process 9 resumed arr 48 total 26 remain 6 wait 162
At time 234 process 9 stopped arr 48 total 26 remain 2 wait 162
At time 234 process 13 resumed arr 67 total 18 remain 2 wait 151
At time 236 process 13 finished arr 67 total 18 remain 0 wait 151 TA 169 WTA 9.39
At time 236 process 17 resumed arr 84 total 27 remain 11 wait 136
At time 240 process 17 stopped arr 84 total 27 remain 7 wait 136
At time 240 process 9 resumed arr 48 total 26 remain 2 wait 168
At time 242 process 9 finished arr 48 total 26 remain 0 wait 168 TA 194 WTA 7.46
At time 242 process 17 resumed arr 84 total 27 remain 7 wait 138
At time 249 process 17 finished arr 84 total 27 remain 0 wait 138 TA 165 WTA 6.11
